SF:/Users/earcandy/Documents/Dev/Clean Language/clean-framework/host-bridge/src/crypto.rs
FN:27,_RNCNvMNtCs6YpCFPUWXGB_11host_bridge6cryptoNtB4_12CryptoBridge4hash0B6_
FN:12,_RNCNvMNtCsbO8EESu9YEe_11host_bridge6cryptoNtB4_12CryptoBridge4call0B6_
FN:27,_RNCNvMNtCsbO8EESu9YEe_11host_bridge6cryptoNtB4_12CryptoBridge4hash0B6_
FN:12,_RNvMNtCsbO8EESu9YEe_11host_bridge6cryptoNtB2_12CryptoBridge4call
FN:26,_RNvMNtCsbO8EESu9YEe_11host_bridge6cryptoNtB2_12CryptoBridge4hash
FN:20,_RNvMNtCsbO8EESu9YEe_11host_bridge6cryptoNtB2_12CryptoBridge6random
FN:36,_RNvXs_NtCsbO8EESu9YEe_11host_bridge6cryptoNtB4_12CryptoBridgeNtNtCs2CqrNpCrSUr_4core7default7Default7default
FN:8,_RNvMNtCsbO8EESu9YEe_11host_bridge6cryptoNtB2_12CryptoBridge3new
FNDA:0,_RNCNvMNtCs6YpCFPUWXGB_11host_bridge6cryptoNtB4_12CryptoBridge4hash0B6_
FNDA:0,_RNCNvMNtCsbO8EESu9YEe_11host_bridge6cryptoNtB4_12CryptoBridge4call0B6_
FNDA:0,_RNCNvMNtCsbO8EESu9YEe_11host_bridge6cryptoNtB4_12CryptoBridge4hash0B6_
FNDA:0,_RNvMNtCsbO8EESu9YEe_11host_bridge6cryptoNtB2_12CryptoBridge4call
FNDA:0,_RNvMNtCsbO8EESu9YEe_11host_bridge6cryptoNtB2_12CryptoBridge4hash
FNDA:0,_RNvMNtCsbO8EESu9YEe_11host_bridge6cryptoNtB2_12CryptoBridge6random
FNDA:0,_RNvXs_NtCsbO8EESu9YEe_11host_bridge6cryptoNtB4_12CryptoBridgeNtNtCs2CqrNpCrSUr_4core7default7Default7default
FNDA:0,_RNvMNtCsbO8EESu9YEe_11host_bridge6cryptoNtB2_12CryptoBridge3new
FNF:7
FNH:0
DA:8,0
DA:9,0
DA:10,0
DA:12,0
DA:13,0
DA:14,0
DA:15,0
DA:16,0
DA:18,0
DA:20,0
DA:22,0
DA:23,0
DA:24,0
DA:26,0
DA:27,0
DA:28,0
DA:29,0
DA:30,0
DA:31,0
DA:32,0
DA:36,0
DA:37,0
DA:38,0
BRF:0
BRH:0
LF:25
LH:0
end_of_record
SF:/Users/earcandy/Documents/Dev/Clean Language/clean-framework/host-bridge/src/db.rs
FN:54,_RNCNvMNtCsbO8EESu9YEe_11host_bridge2dbNtB4_8DbBridge11transaction0B6_
FN:26,_RNCNvMNtCsbO8EESu9YEe_11host_bridge2dbNtB4_8DbBridge4call0B6_
FN:34,_RNCNvMNtCsbO8EESu9YEe_11host_bridge2dbNtB4_8DbBridge5query0B6_
FN:54,_RNvMNtCsbO8EESu9YEe_11host_bridge2dbNtB2_8DbBridge11transaction
FN:26,_RNvMNtCsbO8EESu9YEe_11host_bridge2dbNtB2_8DbBridge4call
FN:34,_RNvMNtCsbO8EESu9YEe_11host_bridge2dbNtB2_8DbBridge5query
FN:70,_RNvXs_NtCsbO8EESu9YEe_11host_bridge2dbNtB4_8DbBridgeNtNtCs2CqrNpCrSUr_4core7default7Default7default
FN:22,_RNvMNtCsbO8EESu9YEe_11host_bridge2dbNtB2_8DbBridge3new
FNDA:0,_RNCNvMNtCsbO8EESu9YEe_11host_bridge2dbNtB4_8DbBridge11transaction0B6_
FNDA:0,_RNCNvMNtCsbO8EESu9YEe_11host_bridge2dbNtB4_8DbBridge4call0B6_
FNDA:0,_RNCNvMNtCsbO8EESu9YEe_11host_bridge2dbNtB4_8DbBridge5query0B6_
FNDA:0,_RNvMNtCsbO8EESu9YEe_11host_bridge2dbNtB2_8DbBridge11transaction
FNDA:0,_RNvMNtCsbO8EESu9YEe_11host_bridge2dbNtB2_8DbBridge4call
FNDA:0,_RNvMNtCsbO8EESu9YEe_11host_bridge2dbNtB2_8DbBridge5query
FNDA:0,_RNvXs_NtCsbO8EESu9YEe_11host_bridge2dbNtB4_8DbBridgeNtNtCs2CqrNpCrSUr_4core7default7Default7default
FNDA:0,_RNvMNtCsbO8EESu9YEe_11host_bridge2dbNtB2_8DbBridge3new
FNF:8
FNH:0
DA:22,0
DA:23,0
DA:24,0
DA:26,0
DA:27,0
DA:28,0
DA:29,0
DA:30,0
DA:32,0
DA:34,0
DA:35,0
DA:51,0
DA:52,0
DA:54,0
DA:65,0
DA:70,0
DA:71,0
DA:72,0
BRF:0
BRH:0
LF:21
LH:0
end_of_record
SF:/Users/earcandy/Documents/Dev/Clean Language/clean-framework/host-bridge/src/env.rs
FN:149,_RNCNvMNtCs6YpCFPUWXGB_11host_bridge3envNtB4_9EnvBridge4call0Cs4y7VbP9NnEP_20env_integration_test
FN:145,_RNCNvMNtCs6YpCFPUWXGB_11host_bridge3envNtB4_9EnvBridge13is_valid_name0B6_
FN:175,_RNCNvMNtCs6YpCFPUWXGB_11host_bridge3envNtB4_9EnvBridge7get_env0B6_
FN:305,_RNCNvMNtCs6YpCFPUWXGB_11host_bridge3envNtB4_9EnvBridge7has_env0B6_
FN:117,_RNvMNtCs6YpCFPUWXGB_11host_bridge3envNtB2_9EnvBridge12is_permitted
FN:133,_RNvMNtCs6YpCFPUWXGB_11host_bridge3envNtB2_9EnvBridge13is_valid_name
FN:88,_RNvMNtCs6YpCFPUWXGB_11host_bridge3envNtB2_9EnvBridge13set_allowlist
FN:112,_RNvMNtCs6YpCFPUWXGB_11host_bridge3envNtB2_9EnvBridge14clear_denylist
FN:56,_RNvMNtCs6YpCFPUWXGB_11host_bridge3envNtB2_9EnvBridge14with_allowlist
FN:102,_RNvMNtCs6YpCFPUWXGB_11host_bridge3envNtB2_9EnvBridge15add_to_denylist
FN:97,_RNvMNtCs6YpCFPUWXGB_11host_bridge3envNtB2_9EnvBridge15clear_allowlist
FN:70,_RNvMNtCs6YpCFPUWXGB_11host_bridge3envNtB2_9EnvBridge16default_denylist
FN:47,_RNvMNtCs6YpCFPUWXGB_11host_bridge3envNtB2_9EnvBridge16new_unrestricted
FN:107,_RNvMNtCs6YpCFPUWXGB_11host_bridge3envNtB2_9EnvBridge20remove_from_denylist
FN:408,_RNvMNtCs6YpCFPUWXGB_11host_bridge3envNtB2_9EnvBridge3all
FN:374,_RNvMNtCs6YpCFPUWXGB_11host_bridge3envNtB2_9EnvBridge3get
FN:400,_RNvMNtCs6YpCFPUWXGB_11host_bridge3envNtB2_9EnvBridge3has
FN:38,_RNvMNtCs6YpCFPUWXGB_11host_bridge3envNtB2_9EnvBridge3new
FN:382,_RNvMNtCs6YpCFPUWXGB_11host_bridge3envNtB2_9EnvBridge3set
FN:149,_RNvMNtCs6YpCFPUWXGB_11host_bridge3envNtB2_9EnvBridge4call
FN:169,_RNvMNtCs6YpCFPUWXGB_11host_bridge3envNtB2_9EnvBridge7get_env
FN:299,_RNvMNtCs6YpCFPUWXGB_11host_bridge3envNtB2_9EnvBridge7has_env
FN:234,_RNvMNtCs6YpCFPUWXGB_11host_bridge3envNtB2_9EnvBridge7set_env
FN:356,_RNvMNtCs6YpCFPUWXGB_11host_bridge3envNtB2_9EnvBridge8list_env
FN:420,_RNvXs_NtCs6YpCFPUWXGB_11host_bridge3envNtB4_9EnvBridgeNtNtCs2CqrNpCrSUr_4core7default7Default7default
FN:489,_RNCNvNtNtCsbO8EESu9YEe_11host_bridge3env5testss_12test_has_var0B7_
FN:458,_RNCNvNtNtCsbO8EESu9YEe_11host_bridge3env5testss_12test_set_var0B7_
FN:578,_RNCNvNtNtCsbO8EESu9YEe_11host_bridge3env5testss_13test_denylist0B7_
FN:551,_RNCNvNtNtCsbO8EESu9YEe_11host_bridge3env5testss_14test_allowlist0B7_
FN:513,_RNCNvNtNtCsbO8EESu9YEe_11host_bridge3env5testss_14test_list_vars0B7_
FN:430,_RNCNvNtNtCsbO8EESu9YEe_11host_bridge3env5testss_21test_get_existing_var0B7_
FN:535,_RNCNvNtNtCsbO8EESu9YEe_11host_bridge3env5testss_21test_invalid_var_name0B7_
FN:636,_RNCNvNtNtCsbO8EESu9YEe_11host_bridge3env5testss_21test_unknown_function0B7_
FN:447,_RNCNvNtNtCsbO8EESu9YEe_11host_bridge3env5testss_24test_get_nonexistent_var0B7_
FN:475,_RNCNvNtNtCsbO8EESu9YEe_11host_bridge3env5testss_30test_set_var_permission_denied0B7_
FN:117,_RNvMNtCsbO8EESu9YEe_11host_bridge3envNtB2_9EnvBridge12is_permitted
FN:133,_RNvMNtCsbO8EESu9YEe_11host_bridge3envNtB2_9EnvBridge13is_valid_name
FN:56,_RNvMNtCsbO8EESu9YEe_11host_bridge3envNtB2_9EnvBridge14with_allowlist
FN:102,_RNvMNtCsbO8EESu9YEe_11host_bridge3envNtB2_9EnvBridge15add_to_denylist
FN:70,_RNvMNtCsbO8EESu9YEe_11host_bridge3envNtB2_9EnvBridge16default_denylist
FN:47,_RNvMNtCsbO8EESu9YEe_11host_bridge3envNtB2_9EnvBridge16new_unrestricted
FN:408,_RNvMNtCsbO8EESu9YEe_11host_bridge3envNtB2_9EnvBridge3all
FN:374,_RNvMNtCsbO8EESu9YEe_11host_bridge3envNtB2_9EnvBridge3get
FN:400,_RNvMNtCsbO8EESu9YEe_11host_bridge3envNtB2_9EnvBridge3has
FN:38,_RNvMNtCsbO8EESu9YEe_11host_bridge3envNtB2_9EnvBridge3new
FN:382,_RNvMNtCsbO8EESu9YEe_11host_bridge3envNtB2_9EnvBridge3set
FN:149,_RNvMNtCsbO8EESu9YEe_11host_bridge3envNtB2_9EnvBridge4call
FN:169,_RNvMNtCsbO8EESu9YEe_11host_bridge3envNtB2_9EnvBridge7get_env
FN:299,_RNvMNtCsbO8EESu9YEe_11host_bridge3envNtB2_9EnvBridge7has_env
FN:234,_RNvMNtCsbO8EESu9YEe_11host_bridge3envNtB2_9EnvBridge7set_env
FN:356,_RNvMNtCsbO8EESu9YEe_11host_bridge3envNtB2_9EnvBridge8list_env
FN:88,_RNvMNtCsbO8EESu9YEe_11host_bridge3envNtB2_9EnvBridge13set_allowlist
FN:112,_RNvMNtCsbO8EESu9YEe_11host_bridge3envNtB2_9EnvBridge14clear_denylist
FN:97,_RNvMNtCsbO8EESu9YEe_11host_bridge3envNtB2_9EnvBridge15clear_allowlist
FN:107,_RNvMNtCsbO8EESu9YEe_11host_bridge3envNtB2_9EnvBridge20remove_from_denylist
FN:420,_RNvXs_NtCsbO8EESu9YEe_11host_bridge3envNtB4_9EnvBridgeNtNtCs2CqrNpCrSUr_4core7default7Default7default
FN:145,_RNCNvMNtCsbO8EESu9YEe_11host_bridge3envNtB4_9EnvBridge13is_valid_name0B6_
FN:149,_RNCNvMNtCsbO8EESu9YEe_11host_bridge3envNtB4_9EnvBridge4call0B6_
FN:175,_RNCNvMNtCsbO8EESu9YEe_11host_bridge3envNtB4_9EnvBridge7get_env0B6_
FN:305,_RNCNvMNtCsbO8EESu9YEe_11host_bridge3envNtB4_9EnvBridge7has_env0B6_
FN:489,_RNvNtNtCsbO8EESu9YEe_11host_bridge3env5testss_12test_has_var
FN:458,_RNvNtNtCsbO8EESu9YEe_11host_bridge3env5testss_12test_set_var
FN:578,_RNvNtNtCsbO8EESu9YEe_11host_bridge3env5testss_13test_denylist
FN:551,_RNvNtNtCsbO8EESu9YEe_11host_bridge3env5testss_14test_allowlist
FN:513,_RNvNtNtCsbO8EESu9YEe_11host_bridge3env5testss_14test_list_vars
FN:623,_RNvNtNtCsbO8EESu9YEe_11host_bridge3env5testss_18test_is_valid_name
FN:596,_RNvNtNtCsbO8EESu9YEe_11host_bridge3env5testss_19test_direct_methods
FN:430,_RNvNtNtCsbO8EESu9YEe_11host_bridge3env5testss_21test_get_existing_var
FN:535,_RNvNtNtCsbO8EESu9YEe_11host_bridge3env5testss_21test_invalid_var_name
FN:636,_RNvNtNtCsbO8EESu9YEe_11host_bridge3env5testss_21test_unknown_function
FN:447,_RNvNtNtCsbO8EESu9YEe_11host_bridge3env5testss_24test_get_nonexistent_var
FN:475,_RNvNtNtCsbO8EESu9YEe_11host_bridge3env5testss_30test_set_var_permission_denied
FNDA:28,_RNCNvMNtCs6YpCFPUWXGB_11host_bridge3envNtB4_9EnvBridge4call0Cs4y7VbP9NnEP_20env_integration_test
FNDA:439,_RNCNvMNtCs6YpCFPUWXGB_11host_bridge3envNtB4_9EnvBridge13is_valid_name0B6_
FNDA:0,_RNCNvMNtCs6YpCFPUWXGB_11host_bridge3envNtB4_9EnvBridge7get_env0B6_
FNDA:0,_RNCNvMNtCs6YpCFPUWXGB_11host_bridge3envNtB4_9EnvBridge7has_env0B6_
FNDA:566,_RNvMNtCs6YpCFPUWXGB_11host_bridge3envNtB2_9EnvBridge12is_permitted
FNDA:32,_RNvMNtCs6YpCFPUWXGB_11host_bridge3envNtB2_9EnvBridge13is_valid_name
FNDA:0,_RNvMNtCs6YpCFPUWXGB_11host_bridge3envNtB2_9EnvBridge13set_allowlist
FNDA:0,_RNvMNtCs6YpCFPUWXGB_11host_bridge3envNtB2_9EnvBridge14clear_denylist
FNDA:1,_RNvMNtCs6YpCFPUWXGB_11host_bridge3envNtB2_9EnvBridge14with_allowlist
FNDA:2,_RNvMNtCs6YpCFPUWXGB_11host_bridge3envNtB2_9EnvBridge15add_to_denylist
FNDA:0,_RNvMNtCs6YpCFPUWXGB_11host_bridge3envNtB2_9EnvBridge15clear_allowlist
FNDA:2,_RNvMNtCs6YpCFPUWXGB_11host_bridge3envNtB2_9EnvBridge16default_denylist
FNDA:10,_RNvMNtCs6YpCFPUWXGB_11host_bridge3envNtB2_9EnvBridge16new_unrestricted
FNDA:0,_RNvMNtCs6YpCFPUWXGB_11host_bridge3envNtB2_9EnvBridge20remove_from_denylist
FNDA:1,_RNvMNtCs6YpCFPUWXGB_11host_bridge3envNtB2_9EnvBridge3all
FNDA:6,_RNvMNtCs6YpCFPUWXGB_11host_bridge3envNtB2_9EnvBridge3get
FNDA:3,_RNvMNtCs6YpCFPUWXGB_11host_bridge3envNtB2_9EnvBridge3has
FNDA:2,_RNvMNtCs6YpCFPUWXGB_11host_bridge3envNtB2_9EnvBridge3new
FNDA:3,_RNvMNtCs6YpCFPUWXGB_11host_bridge3envNtB2_9EnvBridge3set
FNDA:28,_RNvMNtCs6YpCFPUWXGB_11host_bridge3envNtB2_9EnvBridge4call
FNDA:15,_RNvMNtCs6YpCFPUWXGB_11host_bridge3envNtB2_9EnvBridge7get_env
FNDA:4,_RNvMNtCs6YpCFPUWXGB_11host_bridge3envNtB2_9EnvBridge7has_env
FNDA:3,_RNvMNtCs6YpCFPUWXGB_11host_bridge3envNtB2_9EnvBridge7set_env
FNDA:5,_RNvMNtCs6YpCFPUWXGB_11host_bridge3envNtB2_9EnvBridge8list_env
FNDA:0,_RNvXs_NtCs6YpCFPUWXGB_11host_bridge3envNtB4_9EnvBridgeNtNtCs2CqrNpCrSUr_4core7default7Default7default
FNDA:1,_RNCNvNtNtCsbO8EESu9YEe_11host_bridge3env5testss_12test_has_var0B7_
FNDA:1,_RNCNvNtNtCsbO8EESu9YEe_11host_bridge3env5testss_12test_set_var0B7_
FNDA:1,_RNCNvNtNtCsbO8EESu9YEe_11host_bridge3env5testss_13test_denylist0B7_
FNDA:1,_RNCNvNtNtCsbO8EESu9YEe_11host_bridge3env5testss_14test_allowlist0B7_
FNDA:1,_RNCNvNtNtCsbO8EESu9YEe_11host_bridge3env5testss_14test_list_vars0B7_
FNDA:1,_RNCNvNtNtCsbO8EESu9YEe_11host_bridge3env5testss_21test_get_existing_var0B7_
FNDA:1,_RNCNvNtNtCsbO8EESu9YEe_11host_bridge3env5testss_21test_invalid_var_name0B7_
FNDA:1,_RNCNvNtNtCsbO8EESu9YEe_11host_bridge3env5testss_21test_unknown_function0B7_
FNDA:1,_RNCNvNtNtCsbO8EESu9YEe_11host_bridge3env5testss_24test_get_nonexistent_var0B7_
FNDA:1,_RNCNvNtNtCsbO8EESu9YEe_11host_bridge3env5testss_30test_set_var_permission_denied0B7_
FNDA:191,_RNvMNtCsbO8EESu9YEe_11host_bridge3envNtB2_9EnvBridge12is_permitted
FNDA:25,_RNvMNtCsbO8EESu9YEe_11host_bridge3envNtB2_9EnvBridge13is_valid_name
FNDA:1,_RNvMNtCsbO8EESu9YEe_11host_bridge3envNtB2_9EnvBridge14with_allowlist
FNDA:1,_RNvMNtCsbO8EESu9YEe_11host_bridge3envNtB2_9EnvBridge15add_to_denylist
FNDA:2,_RNvMNtCsbO8EESu9YEe_11host_bridge3envNtB2_9EnvBridge16default_denylist
FNDA:8,_RNvMNtCsbO8EESu9YEe_11host_bridge3envNtB2_9EnvBridge16new_unrestricted
FNDA:1,_RNvMNtCsbO8EESu9YEe_11host_bridge3envNtB2_9EnvBridge3all
FNDA:1,_RNvMNtCsbO8EESu9YEe_11host_bridge3envNtB2_9EnvBridge3get
FNDA:2,_RNvMNtCsbO8EESu9YEe_11host_bridge3envNtB2_9EnvBridge3has
FNDA:2,_RNvMNtCsbO8EESu9YEe_11host_bridge3envNtB2_9EnvBridge3new
FNDA:1,_RNvMNtCsbO8EESu9YEe_11host_bridge3envNtB2_9EnvBridge3set
FNDA:16,_RNvMNtCsbO8EESu9YEe_11host_bridge3envNtB2_9EnvBridge4call
FNDA:10,_RNvMNtCsbO8EESu9YEe_11host_bridge3envNtB2_9EnvBridge7get_env
FNDA:2,_RNvMNtCsbO8EESu9YEe_11host_bridge3envNtB2_9EnvBridge7has_env
FNDA:2,_RNvMNtCsbO8EESu9YEe_11host_bridge3envNtB2_9EnvBridge7set_env
FNDA:1,_RNvMNtCsbO8EESu9YEe_11host_bridge3envNtB2_9EnvBridge8list_env
FNDA:0,_RNvMNtCsbO8EESu9YEe_11host_bridge3envNtB2_9EnvBridge13set_allowlist
FNDA:0,_RNvMNtCsbO8EESu9YEe_11host_bridge3envNtB2_9EnvBridge14clear_denylist
FNDA:0,_RNvMNtCsbO8EESu9YEe_11host_bridge3envNtB2_9EnvBridge15clear_allowlist
FNDA:0,_RNvMNtCsbO8EESu9YEe_11host_bridge3envNtB2_9EnvBridge20remove_from_denylist
FNDA:0,_RNvXs_NtCsbO8EESu9YEe_11host_bridge3envNtB4_9EnvBridgeNtNtCs2CqrNpCrSUr_4core7default7Default7default
FNDA:232,_RNCNvMNtCsbO8EESu9YEe_11host_bridge3envNtB4_9EnvBridge13is_valid_name0B6_
FNDA:16,_RNCNvMNtCsbO8EESu9YEe_11host_bridge3envNtB4_9EnvBridge4call0B6_
FNDA:0,_RNCNvMNtCsbO8EESu9YEe_11host_bridge3envNtB4_9EnvBridge7get_env0B6_
FNDA:0,_RNCNvMNtCsbO8EESu9YEe_11host_bridge3envNtB4_9EnvBridge7has_env0B6_
FNDA:1,_RNvNtNtCsbO8EESu9YEe_11host_bridge3env5testss_12test_has_var
FNDA:1,_RNvNtNtCsbO8EESu9YEe_11host_bridge3env5testss_12test_set_var
FNDA:1,_RNvNtNtCsbO8EESu9YEe_11host_bridge3env5testss_13test_denylist
FNDA:1,_RNvNtNtCsbO8EESu9YEe_11host_bridge3env5testss_14test_allowlist
FNDA:1,_RNvNtNtCsbO8EESu9YEe_11host_bridge3env5testss_14test_list_vars
FNDA:1,_RNvNtNtCsbO8EESu9YEe_11host_bridge3env5testss_18test_is_valid_name
FNDA:1,_RNvNtNtCsbO8EESu9YEe_11host_bridge3env5testss_19test_direct_methods
FNDA:1,_RNvNtNtCsbO8EESu9YEe_11host_bridge3env5testss_21test_get_existing_var
FNDA:1,_RNvNtNtCsbO8EESu9YEe_11host_bridge3env5testss_21test_invalid_var_name
FNDA:1,_RNvNtNtCsbO8EESu9YEe_11host_bridge3env5testss_21test_unknown_function
FNDA:1,_RNvNtNtCsbO8EESu9YEe_11host_bridge3env5testss_24test_get_nonexistent_var
FNDA:1,_RNvNtNtCsbO8EESu9YEe_11host_bridge3env5testss_30test_set_var_permission_denied
FNF:47
FNH:40
DA:38,4
DA:39,4
DA:40,4
DA:41,4
DA:42,4
DA:43,4
DA:44,4
DA:47,18
DA:48,18
DA:49,18
DA:50,18
DA:51,18
DA:52,18
DA:53,18
DA:56,2
DA:57,2
DA:58,5
DA:59,3
DA:60,3
DA:62,2
DA:63,2
DA:64,2
DA:65,2
DA:66,2
DA:67,2
DA:70,4
DA:71,4
DA:74,4
DA:75,4
DA:76,4
DA:77,4
DA:78,4
DA:81,4
DA:82,4
DA:84,4
DA:85,4
DA:88,0
DA:89,0
DA:90,0
DA:91,0
DA:92,0
DA:93,0
DA:94,0
DA:97,0
DA:98,0
DA:99,0
DA:102,3
DA:103,3
DA:104,3
DA:107,0
DA:108,0
DA:109,0
DA:112,0
DA:113,0
DA:114,0
DA:117,757
DA:119,757
DA:120,5
DA:121,752
DA:124,752
DA:125,94
DA:126,658
DA:129,658
DA:130,757
DA:133,57
DA:134,57
DA:135,3
DA:136,54
DA:140,54
DA:141,54
DA:142,4
DA:143,50
DA:145,671
DA:146,57
DA:149,44
DA:150,44
DA:151,44
DA:152,19
DA:153,14
DA:154,8
DA:156,2
DA:157,2
DA:158,2
DA:159,2
DA:160,2
DA:161,2
DA:162,2
DA:163,2
DA:166,44
DA:169,25
DA:171,25
DA:172,25
DA:175,0
DA:176,0
DA:177,0
DA:178,0
DA:180,0
DA:181,0
DA:182,0
DA:183,0
DA:184,0
DA:185,0
DA:186,0
DA:187,0
DA:193,25
DA:194,10
DA:195,10
DA:196,10
DA:197,10
DA:198,10
DA:199,10
DA:200,10
DA:201,10
DA:202,15
DA:205,15
DA:206,4
DA:207,4
DA:208,4
DA:209,4
DA:210,4
DA:211,4
DA:212,4
DA:213,4
DA:214,11
DA:217,11
DA:218,8
DA:219,8
DA:220,8
DA:221,8
DA:222,3
DA:223,3
DA:224,3
DA:225,3
DA:226,3
DA:227,3
DA:228,3
DA:229,3
DA:231,25
DA:234,5
DA:236,5
DA:237,2
DA:238,2
DA:239,2
DA:240,2
DA:241,2
DA:242,2
DA:243,2
DA:244,2
DA:245,3
DA:248,3
DA:249,3
DA:251,0
DA:252,0
DA:253,0
DA:254,0
DA:255,0
DA:256,0
DA:257,0
DA:258,0
DA:263,3
DA:264,0
DA:265,0
DA:266,0
DA:267,0
DA:268,0
DA:269,0
DA:270,0
DA:271,0
DA:272,3
DA:275,3
DA:276,0
DA:277,0
DA:278,0
DA:279,0
DA:280,0
DA:281,0
DA:282,0
DA:283,0
DA:284,3
DA:287,3
DA:289,3
DA:290,3
DA:291,3
DA:292,3
DA:293,3
DA:294,3
DA:295,3
DA:296,5
DA:299,6
DA:301,6
DA:302,6
DA:305,0
DA:306,0
DA:307,0
DA:308,0
DA:310,0
DA:311,0
DA:312,0
DA:313,0
DA:314,0
DA:315,0
DA:316,0
DA:317,0
DA:323,6
DA:324,0
DA:325,0
DA:326,0
DA:327,0
DA:328,0
DA:329,0
DA:330,0
DA:331,0
DA:332,6
DA:335,6
DA:336,0
DA:337,0
DA:338,0
DA:339,0
DA:340,0
DA:341,0
DA:342,0
DA:343,0
DA:344,6
DA:347,6
DA:349,6
DA:350,6
DA:351,6
DA:352,6
DA:353,6
DA:356,6
DA:357,6
DA:360,545
DA:362,545
DA:363,455
DA:364,455
DA:367,6
DA:368,6
DA:369,6
DA:370,6
DA:371,6
DA:374,7
DA:375,7
DA:376,3
DA:377,4
DA:378,4
DA:379,7
DA:382,4
DA:383,4
DA:384,1
DA:385,3
DA:387,3
DA:388,1
DA:389,2
DA:391,2
DA:392,0
DA:393,2
DA:395,2
DA:396,2
DA:397,4
DA:400,5
DA:401,5
DA:402,1
DA:403,4
DA:404,4
DA:405,5
DA:408,2
DA:409,2
DA:410,176
DA:411,176
DA:412,176
DA:413,176
DA:415,2
DA:416,2
DA:420,0
DA:421,0
DA:422,0
DA:430,1
DA:431,1
DA:434,1
DA:436,1
DA:437,1
DA:439,1
DA:440,1
DA:443,1
DA:444,1
DA:447,1
DA:448,1
DA:450,1
DA:451,1
DA:453,1
DA:454,1
DA:455,1
DA:458,1
DA:459,1
DA:461,1
DA:462,1
DA:463,1
DA:465,1
DA:467,1
DA:468,1
DA:471,1
DA:472,1
DA:475,1
DA:476,1
DA:478,1
DA:479,1
DA:480,1
DA:482,1
DA:484,1
DA:485,1
DA:486,1
DA:489,1
DA:490,1
DA:493,1
DA:495,1
DA:496,1
DA:498,1
DA:499,1
DA:502,1
DA:503,1
DA:505,1
DA:506,1
DA:509,1
DA:510,1
DA:513,1
DA:514,1
DA:517,1
DA:518,1
DA:520,1
DA:522,1
DA:523,1
DA:525,1
DA:526,1
DA:527,1
DA:530,1
DA:531,1
DA:532,1
DA:535,1
DA:536,1
DA:539,1
DA:541,6
DA:542,5
DA:543,5
DA:544,1
DA:545,5
DA:546,5
DA:547,1
DA:548,1
DA:551,1
DA:552,1
DA:553,1
DA:557,1
DA:558,1
DA:561,1
DA:562,1
DA:563,1
DA:564,1
DA:567,1
DA:568,1
DA:569,1
DA:570,1
DA:573,1
DA:574,1
DA:575,1
DA:578,1
DA:579,1
DA:580,1
DA:583,1
DA:585,1
DA:586,1
DA:588,1
DA:589,1
DA:592,1
DA:593,1
DA:596,1
DA:597,1
DA:600,1
DA:603,1
DA:606,1
DA:607,1
DA:610,1
DA:611,1
DA:614,1
DA:615,1
DA:618,1
DA:619,1
DA:620,1
DA:623,1
DA:624,1
DA:625,1
DA:626,1
DA:628,1
DA:629,1
DA:630,1
DA:631,1
DA:632,1
DA:633,1
DA:636,1
DA:637,1
DA:639,1
DA:641,1
DA:642,1
DA:643,1
BRF:0
BRH:0
LF:431
LH:345
end_of_record
SF:/Users/earcandy/Documents/Dev/Clean Language/clean-framework/host-bridge/src/http.rs
FN:25,_RNvMNtCsbO8EESu9YEe_11host_bridge4httpNtB2_10HttpBridge3new
FN:31,_RNCNvMNtCsbO8EESu9YEe_11host_bridge4httpNtB4_10HttpBridge4call0B6_
FN:39,_RNCNvMNtCsbO8EESu9YEe_11host_bridge4httpNtB4_10HttpBridge7request0B6_
FN:56,_RNCNvMNtCsbO8EESu9YEe_11host_bridge4httpNtB4_10HttpBridge7respond0B6_
FN:31,_RNvMNtCsbO8EESu9YEe_11host_bridge4httpNtB2_10HttpBridge4call
FN:39,_RNvMNtCsbO8EESu9YEe_11host_bridge4httpNtB2_10HttpBridge7request
FN:56,_RNvMNtCsbO8EESu9YEe_11host_bridge4httpNtB2_10HttpBridge7respond
FN:72,_RNvXs_NtCsbO8EESu9YEe_11host_bridge4httpNtB4_10HttpBridgeNtNtCs2CqrNpCrSUr_4core7default7Default7default
FNDA:0,_RNvMNtCsbO8EESu9YEe_11host_bridge4httpNtB2_10HttpBridge3new
FNDA:0,_RNCNvMNtCsbO8EESu9YEe_11host_bridge4httpNtB4_10HttpBridge4call0B6_
FNDA:0,_RNCNvMNtCsbO8EESu9YEe_11host_bridge4httpNtB4_10HttpBridge7request0B6_
FNDA:0,_RNCNvMNtCsbO8EESu9YEe_11host_bridge4httpNtB4_10HttpBridge7respond0B6_
FNDA:0,_RNvMNtCsbO8EESu9YEe_11host_bridge4httpNtB2_10HttpBridge4call
FNDA:0,_RNvMNtCsbO8EESu9YEe_11host_bridge4httpNtB2_10HttpBridge7request
FNDA:0,_RNvMNtCsbO8EESu9YEe_11host_bridge4httpNtB2_10HttpBridge7respond
FNDA:0,_RNvXs_NtCsbO8EESu9YEe_11host_bridge4httpNtB4_10HttpBridgeNtNtCs2CqrNpCrSUr_4core7default7Default7default
FNF:8
FNH:0
DA:25,0
DA:26,0
DA:27,0
DA:28,0
DA:29,0
DA:31,0
DA:32,0
DA:33,0
DA:34,0
DA:35,0
DA:37,0
DA:39,0
DA:40,0
DA:53,0
DA:54,0
DA:56,0
DA:67,0
DA:72,0
DA:73,0
DA:74,0
BRF:0
BRH:0
LF:23
LH:0
end_of_record
SF:/Users/earcandy/Documents/Dev/Clean Language/clean-framework/host-bridge/src/lib.rs
FN:149,_RNvNtCsbO8EESu9YEe_11host_bridge5testss_25test_host_bridge_creation
FN:141,_RNvNtCsbO8EESu9YEe_11host_bridge5testss_26test_bridge_response_error
FN:133,_RNvNtCsbO8EESu9YEe_11host_bridge5testss_28test_bridge_response_success
FN:80,_RNCNvMs_CsbO8EESu9YEe_11host_bridgeNtB6_10HostBridge4call0B6_
FN:97,_RNvMs_CsbO8EESu9YEe_11host_bridgeNtB4_10HostBridge2db
FN:101,_RNvMs_CsbO8EESu9YEe_11host_bridgeNtB4_10HostBridge3env
FN:113,_RNvMs_CsbO8EESu9YEe_11host_bridgeNtB4_10HostBridge3log
FN:117,_RNvMs_CsbO8EESu9YEe_11host_bridgeNtB4_10HostBridge3sys
FN:75,_RNvMs_CsbO8EESu9YEe_11host_bridgeNtB4_10HostBridge4call
FN:93,_RNvMs_CsbO8EESu9YEe_11host_bridgeNtB4_10HostBridge4http
FN:105,_RNvMs_CsbO8EESu9YEe_11host_bridgeNtB4_10HostBridge4time
FN:109,_RNvMs_CsbO8EESu9YEe_11host_bridgeNtB4_10HostBridge6crypto
FN:123,_RNvXs0_CsbO8EESu9YEe_11host_bridgeNtB5_10HostBridgeNtNtCs2CqrNpCrSUr_4core7default7Default7default
FN:62,_RNvMs_CsbO8EESu9YEe_11host_bridgeNtB4_10HostBridge3new
FN:33,_RINvMCsbO8EESu9YEe_11host_bridgeINtB3_14BridgeResponselE5errorReBY_EB3_
FN:29,_RNvMCsbO8EESu9YEe_11host_bridgeINtB2_14BridgeResponselE7successB2_
FN:149,_RNCNvNtCsbO8EESu9YEe_11host_bridge5testss_25test_host_bridge_creation0B5_
FNDA:0,_RNvNtCsbO8EESu9YEe_11host_bridge5testss_25test_host_bridge_creation
FNDA:0,_RNvNtCsbO8EESu9YEe_11host_bridge5testss_26test_bridge_response_error
FNDA:0,_RNvNtCsbO8EESu9YEe_11host_bridge5testss_28test_bridge_response_success
FNDA:0,_RNCNvMs_CsbO8EESu9YEe_11host_bridgeNtB6_10HostBridge4call0B6_
FNDA:0,_RNvMs_CsbO8EESu9YEe_11host_bridgeNtB4_10HostBridge2db
FNDA:0,_RNvMs_CsbO8EESu9YEe_11host_bridgeNtB4_10HostBridge3env
FNDA:0,_RNvMs_CsbO8EESu9YEe_11host_bridgeNtB4_10HostBridge3log
FNDA:0,_RNvMs_CsbO8EESu9YEe_11host_bridgeNtB4_10HostBridge3sys
FNDA:0,_RNvMs_CsbO8EESu9YEe_11host_bridgeNtB4_10HostBridge4call
FNDA:0,_RNvMs_CsbO8EESu9YEe_11host_bridgeNtB4_10HostBridge4http
FNDA:0,_RNvMs_CsbO8EESu9YEe_11host_bridgeNtB4_10HostBridge4time
FNDA:0,_RNvMs_CsbO8EESu9YEe_11host_bridgeNtB4_10HostBridge6crypto
FNDA:0,_RNvXs0_CsbO8EESu9YEe_11host_bridgeNtB5_10HostBridgeNtNtCs2CqrNpCrSUr_4core7default7Default7default
FNDA:0,_RNvMs_CsbO8EESu9YEe_11host_bridgeNtB4_10HostBridge3new
FNDA:0,_RINvMCsbO8EESu9YEe_11host_bridgeINtB3_14BridgeResponselE5errorReBY_EB3_
FNDA:0,_RNvMCsbO8EESu9YEe_11host_bridgeINtB2_14BridgeResponselE7successB2_
FNDA:0,_RNCNvNtCsbO8EESu9YEe_11host_bridge5testss_25test_host_bridge_creation0B5_
FNF:17
FNH:0
DA:29,0
DA:30,0
DA:31,0
DA:33,0
DA:34,0
DA:35,0
DA:36,0
DA:37,0
DA:38,0
DA:39,0
DA:40,0
DA:41,0
DA:62,0
DA:63,0
DA:64,0
DA:65,0
DA:66,0
DA:67,0
DA:68,0
DA:69,0
DA:70,0
DA:71,0
DA:72,0
DA:75,0
DA:76,0
DA:77,0
DA:78,0
DA:79,0
DA:80,0
DA:81,0
DA:82,0
DA:83,0
DA:84,0
DA:85,0
DA:86,0
DA:87,0
DA:88,0
DA:89,0
DA:91,0
DA:93,0
DA:94,0
DA:95,0
DA:97,0
DA:98,0
DA:99,0
DA:101,0
DA:102,0
DA:103,0
DA:105,0
DA:106,0
DA:107,0
DA:109,0
DA:110,0
DA:111,0
DA:113,0
DA:114,0
DA:115,0
DA:117,0
DA:118,0
DA:119,0
DA:123,0
DA:124,0
DA:125,0
DA:133,0
DA:134,0
DA:135,0
DA:136,0
DA:137,0
DA:138,0
DA:141,0
DA:142,0
DA:143,0
DA:144,0
DA:145,0
DA:146,0
DA:149,0
DA:150,0
DA:151,0
DA:152,0
BRF:0
BRH:0
LF:82
LH:0
end_of_record
SF:/Users/earcandy/Documents/Dev/Clean Language/clean-framework/host-bridge/src/log.rs
FN:8,_RNvMNtCsbO8EESu9YEe_11host_bridge3logNtB2_9LogBridge3new
FN:12,_RNvMNtCsbO8EESu9YEe_11host_bridge3logNtB2_9LogBridge4call
FN:32,_RNvMNtCsbO8EESu9YEe_11host_bridge3logNtB2_9LogBridge4info
FN:36,_RNvMNtCsbO8EESu9YEe_11host_bridge3logNtB2_9LogBridge4warn
FN:40,_RNvMNtCsbO8EESu9YEe_11host_bridge3logNtB2_9LogBridge5error
FN:46,_RNvXs_NtCsbO8EESu9YEe_11host_bridge3logNtB4_9LogBridgeNtNtCs2CqrNpCrSUr_4core7default7Default7default
FNDA:0,_RNvMNtCsbO8EESu9YEe_11host_bridge3logNtB2_9LogBridge3new
FNDA:0,_RNvMNtCsbO8EESu9YEe_11host_bridge3logNtB2_9LogBridge4call
FNDA:0,_RNvMNtCsbO8EESu9YEe_11host_bridge3logNtB2_9LogBridge4info
FNDA:0,_RNvMNtCsbO8EESu9YEe_11host_bridge3logNtB2_9LogBridge4warn
FNDA:0,_RNvMNtCsbO8EESu9YEe_11host_bridge3logNtB2_9LogBridge5error
FNDA:0,_RNvXs_NtCsbO8EESu9YEe_11host_bridge3logNtB4_9LogBridgeNtNtCs2CqrNpCrSUr_4core7default7Default7default
FNF:6
FNH:0
DA:8,0
DA:9,0
DA:10,0
DA:12,0
DA:13,0
DA:15,0
DA:16,0
DA:17,0
DA:18,0
DA:20,0
DA:21,0
DA:22,0
DA:24,0
DA:25,0
DA:26,0
DA:28,0
DA:30,0
DA:32,0
DA:33,0
DA:34,0
DA:36,0
DA:37,0
DA:38,0
DA:40,0
DA:41,0
DA:42,0
DA:46,0
DA:47,0
DA:48,0
BRF:0
BRH:0
LF:29
LH:0
end_of_record
SF:/Users/earcandy/Documents/Dev/Clean Language/clean-framework/host-bridge/src/sys.rs
FN:9,_RNvMNtCsbO8EESu9YEe_11host_bridge3sysNtB2_9SysBridge3new
FN:26,_RNCNvMNtCsbO8EESu9YEe_11host_bridge3sysNtB4_9SysBridge11sleep_async0B6_
FN:13,_RNCNvMNtCsbO8EESu9YEe_11host_bridge3sysNtB4_9SysBridge4call0B6_
FN:26,_RNvMNtCsbO8EESu9YEe_11host_bridge3sysNtB2_9SysBridge11sleep_async
FN:13,_RNvMNtCsbO8EESu9YEe_11host_bridge3sysNtB2_9SysBridge4call
FN:21,_RNvMNtCsbO8EESu9YEe_11host_bridge3sysNtB2_9SysBridge4exit
FN:34,_RNvXs_NtCsbO8EESu9YEe_11host_bridge3sysNtB4_9SysBridgeNtNtCs2CqrNpCrSUr_4core7default7Default7default
FNDA:0,_RNvMNtCsbO8EESu9YEe_11host_bridge3sysNtB2_9SysBridge3new
FNDA:0,_RNCNvMNtCsbO8EESu9YEe_11host_bridge3sysNtB4_9SysBridge11sleep_async0B6_
FNDA:0,_RNCNvMNtCsbO8EESu9YEe_11host_bridge3sysNtB4_9SysBridge4call0B6_
FNDA:0,_RNvMNtCsbO8EESu9YEe_11host_bridge3sysNtB2_9SysBridge11sleep_async
FNDA:0,_RNvMNtCsbO8EESu9YEe_11host_bridge3sysNtB2_9SysBridge4call
FNDA:0,_RNvMNtCsbO8EESu9YEe_11host_bridge3sysNtB2_9SysBridge4exit
FNDA:0,_RNvXs_NtCsbO8EESu9YEe_11host_bridge3sysNtB4_9SysBridgeNtNtCs2CqrNpCrSUr_4core7default7Default7default
FNF:7
FNH:0
DA:9,0
DA:10,0
DA:11,0
DA:13,0
DA:14,0
DA:15,0
DA:16,0
DA:17,0
DA:19,0
DA:21,0
DA:22,0
DA:23,0
DA:26,0
DA:27,0
DA:28,0
DA:29,0
DA:30,0
DA:34,0
DA:35,0
DA:36,0
BRF:0
BRH:0
LF:22
LH:0
end_of_record
SF:/Users/earcandy/Documents/Dev/Clean Language/clean-framework/host-bridge/src/time.rs
FN:19,_RNvMNtCsbO8EESu9YEe_11host_bridge4timeNtB2_10TimeBridge3now
FN:12,_RNvMNtCsbO8EESu9YEe_11host_bridge4timeNtB2_10TimeBridge4call
FN:25,_RNvXs_NtCsbO8EESu9YEe_11host_bridge4timeNtB4_10TimeBridgeNtNtCs2CqrNpCrSUr_4core7default7Default7default
FN:8,_RNvMNtCsbO8EESu9YEe_11host_bridge4timeNtB2_10TimeBridge3new
FNDA:0,_RNvMNtCsbO8EESu9YEe_11host_bridge4timeNtB2_10TimeBridge3now
FNDA:0,_RNvMNtCsbO8EESu9YEe_11host_bridge4timeNtB2_10TimeBridge4call
FNDA:0,_RNvXs_NtCsbO8EESu9YEe_11host_bridge4timeNtB4_10TimeBridgeNtNtCs2CqrNpCrSUr_4core7default7Default7default
FNDA:0,_RNvMNtCsbO8EESu9YEe_11host_bridge4timeNtB2_10TimeBridge3new
FNF:4
FNH:0
DA:8,0
DA:9,0
DA:10,0
DA:12,0
DA:13,0
DA:14,0
DA:15,0
DA:17,0
DA:19,0
DA:20,0
DA:21,0
DA:25,0
DA:26,0
DA:27,0
BRF:0
BRH:0
LF:14
LH:0
end_of_record